{"meta": {"format": 3, "version": "7.10.0", "timestamp": "2025-09-21T21:01:57.475171", "branch_coverage": false, "show_contexts": false}, "files": {"custom_components/smart_cover_automation/__init__.py": {"executed_lines": [1, 8, 10, 12, 13, 15, 16, 17, 18, 20, 26, 32, 51, 53, 55, 58, 64, 71, 72, 75, 76, 77, 79, 81, 82, 83, 85, 86, 87, 89, 90, 92, 93, 96, 102, 105, 110, 111, 112, 113, 115, 116, 117, 119, 120, 123, 128, 129, 133], "summary": {"covered_lines": 47, "num_statements": 47, "percent_covered": 100.0, "percent_covered_display": "100", "missing_lines": 0, "excluded_lines": 3}, "missing_lines": [], "excluded_lines": [20, 21, 23], "functions": {"async_setup_entry": {"executed_lines": [51, 53, 55, 58, 64, 71, 72, 75, 76, 77, 79, 81, 82, 83, 85, 86, 87, 89, 90, 92, 93], "summary": {"covered_lines": 21, "num_statements": 21, "percent_covered": 100.0, "percent_covered_display": "100", "missing_lines": 0, "excluded_lines": 0}, "missing_lines": [], "excluded_lines": []}, "async_get_options_flow": {"executed_lines": [102], "summary": {"covered_lines": 1, "num_statements": 1, "percent_covered": 100.0, "percent_covered_display": "100", "missing_lines": 0, "excluded_lines": 0}, "missing_lines": [], "excluded_lines": []}, "async_unload_entry": {"executed_lines": [110, 111, 112, 113, 115, 116, 117, 119, 120], "summary": {"covered_lines": 9, "num_statements": 9, "percent_covered": 100.0, "percent_covered_display": "100", "missing_lines": 0, "excluded_lines": 0}, "missing_lines": [], "excluded_lines": []}, "async_reload_entry": {"executed_lines": [128, 129], "summary": {"covered_lines": 2, "num_statements": 2, "percent_covered": 100.0, "percent_covered_display": "100", "missing_lines": 0, "excluded_lines": 0}, "missing_lines": [], "excluded_lines": []}, "": {"executed_lines": [1, 8, 10, 12, 13, 15, 16, 17, 18, 20, 26, 32, 96, 105, 123, 133], "summary": {"covered_lines": 14, "num_statements": 14, "percent_covered": 100.0, "percent_covered_display": "100", "missing_lines": 0, "excluded_lines": 3}, "missing_lines": [], "excluded_lines": [20, 21, 23]}}, "classes": {"": {"executed_lines": [1, 8, 10, 12, 13, 15, 16, 17, 18, 20, 26, 32, 51, 53, 55, 58, 64, 71, 72, 75, 76, 77, 79, 81, 82, 83, 85, 86, 87, 89, 90, 92, 93, 96, 102, 105, 110, 111, 112, 113, 115, 116, 117, 119, 120, 123, 128, 129, 133], "summary": {"covered_lines": 47, "num_statements": 47, "percent_covered": 100.0, "percent_covered_display": "100", "missing_lines": 0, "excluded_lines": 3}, "missing_lines": [], "excluded_lines": [20, 21, 23]}}}, "custom_components/smart_cover_automation/binary_sensor.py": {"executed_lines": [1, 19, 21, 22, 24, 30, 31, 33, 42, 50, 68, 77, 78, 94, 108, 111, 113, 114, 130], "summary": {"covered_lines": 16, "num_statements": 16, "percent_covered": 100.0, "percent_covered_display": "100", "missing_lines": 0, "excluded_lines": 5}, "missing_lines": [], "excluded_lines": [33, 34, 35, 37, 38], "functions": {"async_setup_entry": {"executed_lines": [68], "summary": {"covered_lines": 1, "num_statements": 1, "percent_covered": 100.0, "percent_covered_display": "100", "missing_lines": 0, "excluded_lines": 0}, "missing_lines": [], "excluded_lines": []}, "IntegrationBinarySensor.__init__": {"executed_lines": [108, 111], "summary": {"covered_lines": 2, "num_statements": 2, "percent_covered": 100.0, "percent_covered_display": "100", "missing_lines": 0, "excluded_lines": 0}, "missing_lines": [], "excluded_lines": []}, "IntegrationBinarySensor.available": {"executed_lines": [130], "summary": {"covered_lines": 1, "num_statements": 1, "percent_covered": 100.0, "percent_covered_display": "100", "missing_lines": 0, "excluded_lines": 0}, "missing_lines": [], "excluded_lines": []}, "": {"executed_lines": [1, 19, 21, 22, 24, 30, 31, 33, 42, 50, 77, 78, 94, 113, 114], "summary": {"covered_lines": 12, "num_statements": 12, "percent_covered": 100.0, "percent_covered_display": "100", "missing_lines": 0, "excluded_lines": 5}, "missing_lines": [], "excluded_lines": [33, 34, 35, 37, 38]}}, "classes": {"IntegrationBinarySensor": {"executed_lines": [108, 111, 130], "summary": {"covered_lines": 3, "num_statements": 3, "percent_covered": 100.0, "percent_covered_display": "100", "missing_lines": 0, "excluded_lines": 0}, "missing_lines": [], "excluded_lines": []}, "": {"executed_lines": [1, 19, 21, 22, 24, 30, 31, 33, 42, 50, 68, 77, 78, 94, 113, 114], "summary": {"covered_lines": 13, "num_statements": 13, "percent_covered": 100.0, "percent_covered_display": "100", "missing_lines": 0, "excluded_lines": 5}, "missing_lines": [], "excluded_lines": [33, 34, 35, 37, 38]}}}, "custom_components/smart_cover_automation/config.py": {"executed_lines": [1, 8, 10, 11, 12, 14, 16, 19, 20, 21, 28, 29, 31, 33, 37, 38, 43, 44, 45, 46, 47, 48, 49, 50, 51, 52, 55, 56, 58, 59, 60, 62, 63, 64, 66, 67, 68, 70, 71, 72, 74, 75, 76, 77, 78, 80, 81, 82, 84, 85, 86, 87, 91, 98, 112, 124, 125, 126, 127, 128, 129, 130, 131, 132, 133, 134, 135, 137, 139, 141, 143, 146, 151, 152, 154, 155, 156, 157, 158, 159, 161, 162, 163, 164, 166, 169, 172, 173, 174, 177, 178, 181, 186, 187, 188], "summary": {"covered_lines": 90, "num_statements": 92, "percent_covered": 97.82608695652173, "percent_covered_display": "98", "missing_lines": 2, "excluded_lines": 3}, "missing_lines": [34, 175], "excluded_lines": [91, 92, 93], "functions": {"_ConfSpec.__post_init__": {"executed_lines": [33], "summary": {"covered_lines": 1, "num_statements": 2, "percent_covered": 50.0, "percent_covered_display": "50", "missing_lines": 1, "excluded_lines": 0}, "missing_lines": [34], "excluded_lines": []}, "_Converters.to_bool": {"executed_lines": [60], "summary": {"covered_lines": 1, "num_statements": 1, "percent_covered": 100.0, "percent_covered_display": "100", "missing_lines": 0, "excluded_lines": 0}, "missing_lines": [], "excluded_lines": []}, "_Converters.to_int": {"executed_lines": [64], "summary": {"covered_lines": 1, "num_statements": 1, "percent_covered": 100.0, "percent_covered_display": "100", "missing_lines": 0, "excluded_lines": 0}, "missing_lines": [], "excluded_lines": []}, "_Converters.to_float": {"executed_lines": [68], "summary": {"covered_lines": 1, "num_statements": 1, "percent_covered": 100.0, "percent_covered_display": "100", "missing_lines": 0, "excluded_lines": 0}, "missing_lines": [], "excluded_lines": []}, "_Converters.to_str": {"executed_lines": [72], "summary": {"covered_lines": 1, "num_statements": 1, "percent_covered": 100.0, "percent_covered_display": "100", "missing_lines": 0, "excluded_lines": 0}, "missing_lines": [], "excluded_lines": []}, "_Converters.to_covers_tuple": {"executed_lines": [76, 77, 78, 80, 81, 82, 84, 85, 86, 87], "summary": {"covered_lines": 10, "num_statements": 10, "percent_covered": 100.0, "percent_covered_display": "100", "missing_lines": 0, "excluded_lines": 0}, "missing_lines": [], "excluded_lines": []}, "ResolvedConfig.get": {"executed_lines": [139], "summary": {"covered_lines": 1, "num_statements": 1, "percent_covered": 100.0, "percent_covered_display": "100", "missing_lines": 0, "excluded_lines": 0}, "missing_lines": [], "excluded_lines": []}, "ResolvedConfig.as_enum_dict": {"executed_lines": [143], "summary": {"covered_lines": 1, "num_statements": 1, "percent_covered": 100.0, "percent_covered_display": "100", "missing_lines": 0, "excluded_lines": 0}, "missing_lines": [], "excluded_lines": []}, "resolve": {"executed_lines": [151, 152, 154, 169, 172, 173, 174, 177, 178], "summary": {"covered_lines": 9, "num_statements": 10, "percent_covered": 90.0, "percent_covered_display": "90", "missing_lines": 1, "excluded_lines": 0}, "missing_lines": [175], "excluded_lines": []}, "resolve._val": {"executed_lines": [155, 156, 157, 158, 159, 161, 162, 163, 164, 166], "summary": {"covered_lines": 10, "num_statements": 10, "percent_covered": 100.0, "percent_covered_display": "100", "missing_lines": 0, "excluded_lines": 0}, "missing_lines": [], "excluded_lines": []}, "resolve_entry": {"executed_lines": [186, 187, 188], "summary": {"covered_lines": 3, "num_statements": 3, "percent_covered": 100.0, "percent_covered_display": "100", "missing_lines": 0, "excluded_lines": 0}, "missing_lines": [], "excluded_lines": []}, "": {"executed_lines": [1, 8, 10, 11, 12, 14, 16, 19, 20, 21, 28, 29, 31, 37, 38, 43, 44, 45, 46, 47, 48, 49, 50, 51, 52, 55, 56, 58, 59, 62, 63, 66, 67, 70, 71, 74, 75, 91, 98, 112, 124, 125, 126, 127, 128, 129, 130, 131, 132, 133, 134, 135, 137, 141, 146, 181], "summary": {"covered_lines": 51, "num_statements": 51, "percent_covered": 100.0, "percent_covered_display": "100", "missing_lines": 0, "excluded_lines": 3}, "missing_lines": [], "excluded_lines": [91, 92, 93]}}, "classes": {"_ConfSpec": {"executed_lines": [33], "summary": {"covered_lines": 1, "num_statements": 2, "percent_covered": 50.0, "percent_covered_display": "50", "missing_lines": 1, "excluded_lines": 0}, "missing_lines": [34], "excluded_lines": []}, "ConfKeys": {"executed_lines": [], "summary": {"covered_lines": 0, "num_statements": 0, "percent_covered": 100.0, "percent_covered_display": "100", "missing_lines": 0, "excluded_lines": 0}, "missing_lines": [], "excluded_lines": []}, "_Converters": {"executed_lines": [60, 64, 68, 72, 76, 77, 78, 80, 81, 82, 84, 85, 86, 87], "summary": {"covered_lines": 14, "num_statements": 14, "percent_covered": 100.0, "percent_covered_display": "100", "missing_lines": 0, "excluded_lines": 0}, "missing_lines": [], "excluded_lines": []}, "ResolvedConfig": {"executed_lines": [139, 143], "summary": {"covered_lines": 2, "num_statements": 2, "percent_covered": 100.0, "percent_covered_display": "100", "missing_lines": 0, "excluded_lines": 0}, "missing_lines": [], "excluded_lines": []}, "": {"executed_lines": [1, 8, 10, 11, 12, 14, 16, 19, 20, 21, 28, 29, 31, 37, 38, 43, 44, 45, 46, 47, 48, 49, 50, 51, 52, 55, 56, 58, 59, 62, 63, 66, 67, 70, 71, 74, 75, 91, 98, 112, 124, 125, 126, 127, 128, 129, 130, 131, 132, 133, 134, 135, 137, 141, 146, 151, 152, 154, 155, 156, 157, 158, 159, 161, 162, 163, 164, 166, 169, 172, 173, 174, 177, 178, 181, 186, 187, 188], "summary": {"covered_lines": 73, "num_statements": 74, "percent_covered": 98.64864864864865, "percent_covered_display": "99", "missing_lines": 1, "excluded_lines": 3}, "missing_lines": [175], "excluded_lines": [91, 92, 93]}}}, "custom_components/smart_cover_automation/config_flow.py": {"executed_lines": [1, 3, 5, 6, 8, 9, 10, 11, 12, 14, 15, 16, 19, 20, 24, 26, 28, 42, 46, 47, 48, 49, 50, 55, 56, 59, 61, 62, 63, 64, 65, 66, 67, 69, 70, 71, 74, 75, 76, 77, 78, 79, 80, 81, 84, 85, 87, 89, 90, 91, 94, 97, 102, 103, 104, 107, 109, 111, 134, 135, 137, 143, 144, 146, 152, 154, 155, 156, 157, 158, 159, 164, 167, 171, 172, 173, 176, 177, 178, 179, 180, 181, 183, 184, 186, 189, 193, 194, 195, 198, 199, 201, 202, 203, 204, 207, 208, 209, 210, 211, 214, 217, 222, 223, 227, 230, 231, 232, 233, 236, 239, 240, 241, 245, 253, 258, 273, 276, 281, 287, 289, 291, 292, 294], "summary": {"covered_lines": 121, "num_statements": 121, "percent_covered": 100.0, "percent_covered_display": "100", "missing_lines": 0, "excluded_lines": 2}, "missing_lines": [], "excluded_lines": [51, 52], "functions": {"FlowHandler.async_step_user": {"executed_lines": [42, 46, 47, 48, 49, 50, 55, 56, 59, 61, 62, 63, 64, 65, 66, 67, 69, 70, 71, 74, 75, 76, 77, 78, 79, 80, 81, 84, 85, 87, 89, 90, 91, 94, 97, 102, 103, 104, 107], "summary": {"covered_lines": 39, "num_statements": 39, "percent_covered": 100.0, "percent_covered_display": "100", "missing_lines": 0, "excluded_lines": 2}, "missing_lines": [], "excluded_lines": [51, 52]}, "FlowHandler._show_user_form_config": {"executed_lines": [111], "summary": {"covered_lines": 1, "num_statements": 1, "percent_covered": 100.0, "percent_covered_display": "100", "missing_lines": 0, "excluded_lines": 0}, "missing_lines": [], "excluded_lines": []}, "OptionsFlowHandler.__init__": {"executed_lines": [143, 144], "summary": {"covered_lines": 2, "num_statements": 2, "percent_covered": 100.0, "percent_covered_display": "100", "missing_lines": 0, "excluded_lines": 0}, "missing_lines": [], "excluded_lines": []}, "OptionsFlowHandler.async_step_init": {"executed_lines": [152, 154, 155, 156, 157, 158, 159, 164, 167, 171, 172, 173, 176, 177, 178, 179, 180, 181, 183, 184, 186, 189, 193, 194, 195, 198, 199, 201, 202, 203, 204, 207, 208, 209, 210, 211, 214, 217, 222, 223, 227, 230, 231, 232, 233, 236, 239, 240, 241, 245, 253, 258, 273, 276, 281, 287, 289, 291, 292, 294], "summary": {"covered_lines": 60, "num_statements": 60, "percent_covered": 100.0, "percent_covered_display": "100", "missing_lines": 0, "excluded_lines": 0}, "missing_lines": [], "excluded_lines": []}, "": {"executed_lines": [1, 3, 5, 6, 8, 9, 10, 11, 12, 14, 15, 16, 19, 20, 24, 26, 28, 109, 134, 135, 137, 146], "summary": {"covered_lines": 19, "num_statements": 19, "percent_covered": 100.0, "percent_covered_display": "100", "missing_lines": 0, "excluded_lines": 0}, "missing_lines": [], "excluded_lines": []}}, "classes": {"FlowHandler": {"executed_lines": [42, 46, 47, 48, 49, 50, 55, 56, 59, 61, 62, 63, 64, 65, 66, 67, 69, 70, 71, 74, 75, 76, 77, 78, 79, 80, 81, 84, 85, 87, 89, 90, 91, 94, 97, 102, 103, 104, 107, 111], "summary": {"covered_lines": 40, "num_statements": 40, "percent_covered": 100.0, "percent_covered_display": "100", "missing_lines": 0, "excluded_lines": 2}, "missing_lines": [], "excluded_lines": [51, 52]}, "OptionsFlowHandler": {"executed_lines": [143, 144, 152, 154, 155, 156, 157, 158, 159, 164, 167, 171, 172, 173, 176, 177, 178, 179, 180, 181, 183, 184, 186, 189, 193, 194, 195, 198, 199, 201, 202, 203, 204, 207, 208, 209, 210, 211, 214, 217, 222, 223, 227, 230, 231, 232, 233, 236, 239, 240, 241, 245, 253, 258, 273, 276, 281, 287, 289, 291, 292, 294], "summary": {"covered_lines": 62, "num_statements": 62, "percent_covered": 100.0, "percent_covered_display": "100", "missing_lines": 0, "excluded_lines": 0}, "missing_lines": [], "excluded_lines": []}, "": {"executed_lines": [1, 3, 5, 6, 8, 9, 10, 11, 12, 14, 15, 16, 19, 20, 24, 26, 28, 109, 134, 135, 137, 146], "summary": {"covered_lines": 19, "num_statements": 19, "percent_covered": 100.0, "percent_covered_display": "100", "missing_lines": 0, "excluded_lines": 0}, "missing_lines": [], "excluded_lines": []}}}, "custom_components/smart_cover_automation/const.py": {"executed_lines": [1, 18, 19, 20, 22, 24, 25, 28, 31, 34, 37, 38, 39, 40, 41, 42, 43, 44, 45, 46, 47, 48, 49, 50, 54, 55, 56, 57, 58, 61, 62, 63, 66, 69, 70, 71, 72, 73, 74, 77, 83, 84, 87], "summary": {"covered_lines": 42, "num_statements": 42, "percent_covered": 100.0, "percent_covered_display": "100", "missing_lines": 0, "excluded_lines": 0}, "missing_lines": [], "excluded_lines": [], "functions": {"": {"executed_lines": [1, 18, 19, 20, 22, 24, 25, 28, 31, 34, 37, 38, 39, 40, 41, 42, 43, 44, 45, 46, 47, 48, 49, 50, 54, 55, 56, 57, 58, 61, 62, 63, 66, 69, 70, 71, 72, 73, 74, 77, 83, 84, 87], "summary": {"covered_lines": 42, "num_statements": 42, "percent_covered": 100.0, "percent_covered_display": "100", "missing_lines": 0, "excluded_lines": 0}, "missing_lines": [], "excluded_lines": []}}, "classes": {"": {"executed_lines": [1, 18, 19, 20, 22, 24, 25, 28, 31, 34, 37, 38, 39, 40, 41, 42, 43, 44, 45, 46, 47, 48, 49, 50, 54, 55, 56, 57, 58, 61, 62, 63, 66, 69, 70, 71, 72, 73, 74, 77, 83, 84, 87], "summary": {"covered_lines": 42, "num_statements": 42, "percent_covered": 100.0, "percent_covered_display": "100", "missing_lines": 0, "excluded_lines": 0}, "missing_lines": [], "excluded_lines": []}}}, "custom_components/smart_cover_automation/coordinator.py": {"executed_lines": [1, 3, 5, 6, 7, 9, 10, 11, 19, 20, 21, 23, 24, 25, 27, 36, 37, 40, 41, 43, 44, 45, 48, 49, 51, 52, 53, 56, 57, 59, 60, 61, 62, 65, 66, 68, 69, 70, 71, 72, 78, 79, 81, 86, 87, 94, 95, 96, 101, 102, 103, 104, 105, 106, 111, 113, 118, 138, 139, 142, 145, 148, 149, 150, 152, 153, 156, 157, 158, 159, 162, 163, 164, 165, 168, 169, 170, 171, 172, 175, 177, 179, 180, 181, 183, 184, 186, 187, 191, 194, 199, 209, 212, 215, 216, 217, 218, 221, 222, 223, 226, 227, 228, 231, 234, 235, 236, 237, 238, 239, 241, 243, 244, 245, 246, 247, 250, 261, 262, 265, 266, 267, 268, 269, 272, 275, 276, 277, 278, 281, 282, 285, 286, 287, 288, 289, 290, 291, 294, 295, 296, 298, 301, 303, 306, 309, 310, 311, 312, 313, 315, 316, 319, 325, 326, 329, 330, 331, 333, 334, 335, 336, 338, 339, 340, 346, 348, 353, 367, 372, 373, 375, 376, 377, 380, 381, 382, 383, 385, 386, 387, 389, 390, 392, 397, 399, 401, 402, 403, 405, 407, 408, 409, 411, 413, 414, 415, 420, 437, 438, 439, 441, 442, 444, 445, 446, 451, 468, 469, 470, 472, 473, 474, 477, 482, 484, 486, 487, 490, 491, 492, 494, 495, 496, 497, 499, 500, 501, 502, 505, 506, 507, 508, 509, 510, 512, 513, 514, 515, 517, 522, 524, 529, 541, 542, 545, 548, 549, 550, 553, 554, 555, 557, 559, 560, 561, 563, 565, 567, 568, 569, 571, 572, 573, 576, 577, 578, 583, 594, 595, 598, 604, 605, 606, 607, 608, 609, 611, 612], "summary": {"covered_lines": 271, "num_statements": 275, "percent_covered": 98.54545454545455, "percent_covered_display": "99", "missing_lines": 4, "excluded_lines": 3}, "missing_lines": [342, 343, 344, 368], "excluded_lines": [27, 28, 30], "functions": {"SunSensorNotFoundError.__init__": {"executed_lines": [44, 45], "summary": {"covered_lines": 2, "num_statements": 2, "percent_covered": 100.0, "percent_covered_display": "100", "missing_lines": 0, "excluded_lines": 0}, "missing_lines": [], "excluded_lines": []}, "WeatherEntityNotFoundError.__init__": {"executed_lines": [52, 53], "summary": {"covered_lines": 2, "num_statements": 2, "percent_covered": 100.0, "percent_covered_display": "100", "missing_lines": 0, "excluded_lines": 0}, "missing_lines": [], "excluded_lines": []}, "InvalidSensorReadingError.__init__": {"executed_lines": [60, 61, 62], "summary": {"covered_lines": 3, "num_statements": 3, "percent_covered": 100.0, "percent_covered_display": "100", "missing_lines": 0, "excluded_lines": 0}, "missing_lines": [], "excluded_lines": []}, "ServiceCallError.__init__": {"executed_lines": [69, 70, 71, 72], "summary": {"covered_lines": 4, "num_statements": 4, "percent_covered": 100.0, "percent_covered_display": "100", "missing_lines": 0, "excluded_lines": 0}, "missing_lines": [], "excluded_lines": []}, "DataUpdateCoordinator.__init__": {"executed_lines": [87, 94, 95, 96, 101, 102, 103, 104, 105, 106], "summary": {"covered_lines": 10, "num_statements": 10, "percent_covered": 100.0, "percent_covered_display": "100", "missing_lines": 0, "excluded_lines": 0}, "missing_lines": [], "excluded_lines": []}, "DataUpdateCoordinator._resolved_settings": {"executed_lines": [113], "summary": {"covered_lines": 1, "num_statements": 1, "percent_covered": 100.0, "percent_covered_display": "100", "missing_lines": 0, "excluded_lines": 0}, "missing_lines": [], "excluded_lines": []}, "DataUpdateCoordinator._async_update_data": {"executed_lines": [138, 139, 142, 145, 148, 149, 150, 152, 153, 156, 157, 158, 159, 162, 163, 164, 165, 168, 169, 170, 171, 172, 175, 177, 179, 180, 181, 183, 184, 186, 187, 191, 194], "summary": {"covered_lines": 33, "num_statements": 33, "percent_covered": 100.0, "percent_covered_display": "100", "missing_lines": 0, "excluded_lines": 0}, "missing_lines": [], "excluded_lines": []}, "DataUpdateCoordinator._handle_automation": {"executed_lines": [209, 212, 215, 216, 217, 218, 221, 222, 223, 226, 227, 228, 231, 234, 235, 236, 237, 238, 239, 241, 243, 244, 245, 246, 247, 250, 261, 262, 265, 266, 267, 268, 269, 272, 275, 276, 277, 278, 281, 282, 285, 286, 287, 288, 289, 290, 291, 294, 295, 296, 298, 301, 303, 306, 309, 310, 311, 312, 313, 315, 316, 319, 325, 326, 329, 330, 331, 333, 334, 335, 336, 338, 339, 340, 346, 348], "summary": {"covered_lines": 76, "num_statements": 79, "percent_covered": 96.20253164556962, "percent_covered_display": "96", "missing_lines": 3, "excluded_lines": 0}, "missing_lines": [342, 343, 344], "excluded_lines": []}, "DataUpdateCoordinator._set_cover_position": {"executed_lines": [367, 372, 373, 375, 376, 377, 380, 381, 382, 383, 385, 386, 387, 389, 390, 392, 397, 399, 401, 402, 403, 405, 407, 408, 409, 411, 413, 414, 415], "summary": {"covered_lines": 29, "num_statements": 30, "percent_covered": 96.66666666666667, "percent_covered_display": "97", "missing_lines": 1, "excluded_lines": 0}, "missing_lines": [368], "excluded_lines": []}, "DataUpdateCoordinator._get_weather_condition": {"executed_lines": [437, 438, 439, 441, 442, 444, 445, 446], "summary": {"covered_lines": 8, "num_statements": 8, "percent_covered": 100.0, "percent_covered_display": "100", "missing_lines": 0, "excluded_lines": 0}, "missing_lines": [], "excluded_lines": []}, "DataUpdateCoordinator._get_max_temperature": {"executed_lines": [468, 469, 470, 472, 473, 474, 477], "summary": {"covered_lines": 7, "num_statements": 7, "percent_covered": 100.0, "percent_covered_display": "100", "missing_lines": 0, "excluded_lines": 0}, "missing_lines": [], "excluded_lines": []}, "DataUpdateCoordinator._get_forecast_max_temp": {"executed_lines": [484, 486, 487, 490, 491, 492, 494, 495, 496, 497, 499, 500, 501, 502, 505, 506, 507, 508, 509, 510, 512, 513, 514, 515, 517], "summary": {"covered_lines": 25, "num_statements": 25, "percent_covered": 100.0, "percent_covered_display": "100", "missing_lines": 0, "excluded_lines": 0}, "missing_lines": [], "excluded_lines": []}, "DataUpdateCoordinator._calculate_angle_difference": {"executed_lines": [524], "summary": {"covered_lines": 1, "num_statements": 1, "percent_covered": 100.0, "percent_covered_display": "100", "missing_lines": 0, "excluded_lines": 0}, "missing_lines": [], "excluded_lines": []}, "DataUpdateCoordinator._find_today_forecast": {"executed_lines": [541, 542, 545, 548, 549, 550, 553, 554, 555, 557, 559, 560, 561, 563, 565, 567, 568, 569, 571, 572, 573, 576, 577, 578], "summary": {"covered_lines": 24, "num_statements": 24, "percent_covered": 100.0, "percent_covered_display": "100", "missing_lines": 0, "excluded_lines": 0}, "missing_lines": [], "excluded_lines": []}, "DataUpdateCoordinator._extract_max_temperature": {"executed_lines": [594, 595, 598, 604, 605, 606, 607, 608, 609, 611, 612], "summary": {"covered_lines": 11, "num_statements": 11, "percent_covered": 100.0, "percent_covered_display": "100", "missing_lines": 0, "excluded_lines": 0}, "missing_lines": [], "excluded_lines": []}, "": {"executed_lines": [1, 3, 5, 6, 7, 9, 10, 11, 19, 20, 21, 23, 24, 25, 27, 36, 37, 40, 41, 43, 48, 49, 51, 56, 57, 59, 65, 66, 68, 78, 79, 81, 86, 111, 118, 199, 353, 420, 451, 482, 522, 529, 583], "summary": {"covered_lines": 35, "num_statements": 35, "percent_covered": 100.0, "percent_covered_display": "100", "missing_lines": 0, "excluded_lines": 3}, "missing_lines": [], "excluded_lines": [27, 28, 30]}}, "classes": {"SmartCoverError": {"executed_lines": [], "summary": {"covered_lines": 0, "num_statements": 0, "percent_covered": 100.0, "percent_covered_display": "100", "missing_lines": 0, "excluded_lines": 0}, "missing_lines": [], "excluded_lines": []}, "SunSensorNotFoundError": {"executed_lines": [44, 45], "summary": {"covered_lines": 2, "num_statements": 2, "percent_covered": 100.0, "percent_covered_display": "100", "missing_lines": 0, "excluded_lines": 0}, "missing_lines": [], "excluded_lines": []}, "WeatherEntityNotFoundError": {"executed_lines": [52, 53], "summary": {"covered_lines": 2, "num_statements": 2, "percent_covered": 100.0, "percent_covered_display": "100", "missing_lines": 0, "excluded_lines": 0}, "missing_lines": [], "excluded_lines": []}, "InvalidSensorReadingError": {"executed_lines": [60, 61, 62], "summary": {"covered_lines": 3, "num_statements": 3, "percent_covered": 100.0, "percent_covered_display": "100", "missing_lines": 0, "excluded_lines": 0}, "missing_lines": [], "excluded_lines": []}, "ServiceCallError": {"executed_lines": [69, 70, 71, 72], "summary": {"covered_lines": 4, "num_statements": 4, "percent_covered": 100.0, "percent_covered_display": "100", "missing_lines": 0, "excluded_lines": 0}, "missing_lines": [], "excluded_lines": []}, "DataUpdateCoordinator": {"executed_lines": [87, 94, 95, 96, 101, 102, 103, 104, 105, 106, 113, 138, 139, 142, 145, 148, 149, 150, 152, 153, 156, 157, 158, 159, 162, 163, 164, 165, 168, 169, 170, 171, 172, 175, 177, 179, 180, 181, 183, 184, 186, 187, 191, 194, 209, 212, 215, 216, 217, 218, 221, 222, 223, 226, 227, 228, 231, 234, 235, 236, 237, 238, 239, 241, 243, 244, 245, 246, 247, 250, 261, 262, 265, 266, 267, 268, 269, 272, 275, 276, 277, 278, 281, 282, 285, 286, 287, 288, 289, 290, 291, 294, 295, 296, 298, 301, 303, 306, 309, 310, 311, 312, 313, 315, 316, 319, 325, 326, 329, 330, 331, 333, 334, 335, 336, 338, 339, 340, 346, 348, 367, 372, 373, 375, 376, 377, 380, 381, 382, 383, 385, 386, 387, 389, 390, 392, 397, 399, 401, 402, 403, 405, 407, 408, 409, 411, 413, 414, 415, 437, 438, 439, 441, 442, 444, 445, 446, 468, 469, 470, 472, 473, 474, 477, 484, 486, 487, 490, 491, 492, 494, 495, 496, 497, 499, 500, 501, 502, 505, 506, 507, 508, 509, 510, 512, 513, 514, 515, 517, 524, 541, 542, 545, 548, 549, 550, 553, 554, 555, 557, 559, 560, 561, 563, 565, 567, 568, 569, 571, 572, 573, 576, 577, 578, 594, 595, 598, 604, 605, 606, 607, 608, 609, 611, 612], "summary": {"covered_lines": 225, "num_statements": 229, "percent_covered": 98.2532751091703, "percent_covered_display": "98", "missing_lines": 4, "excluded_lines": 0}, "missing_lines": [342, 343, 344, 368], "excluded_lines": []}, "": {"executed_lines": [1, 3, 5, 6, 7, 9, 10, 11, 19, 20, 21, 23, 24, 25, 27, 36, 37, 40, 41, 43, 48, 49, 51, 56, 57, 59, 65, 66, 68, 78, 79, 81, 86, 111, 118, 199, 353, 420, 451, 482, 522, 529, 583], "summary": {"covered_lines": 35, "num_statements": 35, "percent_covered": 100.0, "percent_covered_display": "100", "missing_lines": 0, "excluded_lines": 3}, "missing_lines": [], "excluded_lines": [27, 28, 30]}}}, "custom_components/smart_cover_automation/data.py": {"executed_lines": [1, 3, 5, 6, 8, 16, 19, 20, 21, 23, 24, 25], "summary": {"covered_lines": 9, "num_statements": 9, "percent_covered": 100.0, "percent_covered_display": "100", "missing_lines": 0, "excluded_lines": 4}, "missing_lines": [], "excluded_lines": [8, 9, 10, 12], "functions": {"": {"executed_lines": [1, 3, 5, 6, 8, 16, 19, 20, 21, 23, 24, 25], "summary": {"covered_lines": 9, "num_statements": 9, "percent_covered": 100.0, "percent_covered_display": "100", "missing_lines": 0, "excluded_lines": 4}, "missing_lines": [], "excluded_lines": [8, 9, 10, 12]}}, "classes": {"RuntimeData": {"executed_lines": [], "summary": {"covered_lines": 0, "num_statements": 0, "percent_covered": 100.0, "percent_covered_display": "100", "missing_lines": 0, "excluded_lines": 0}, "missing_lines": [], "excluded_lines": []}, "": {"executed_lines": [1, 3, 5, 6, 8, 16, 19, 20, 21, 23, 24, 25], "summary": {"covered_lines": 9, "num_statements": 9, "percent_covered": 100.0, "percent_covered_display": "100", "missing_lines": 0, "excluded_lines": 4}, "missing_lines": [], "excluded_lines": [8, 9, 10, 12]}}}, "custom_components/smart_cover_automation/entity.py": {"executed_lines": [1, 8, 10, 11, 13, 16, 17, 30, 39, 44, 49], "summary": {"covered_lines": 9, "num_statements": 9, "percent_covered": 100.0, "percent_covered_display": "100", "missing_lines": 0, "excluded_lines": 0}, "missing_lines": [], "excluded_lines": [], "functions": {"IntegrationEntity.__init__": {"executed_lines": [39, 44, 49], "summary": {"covered_lines": 3, "num_statements": 3, "percent_covered": 100.0, "percent_covered_display": "100", "missing_lines": 0, "excluded_lines": 0}, "missing_lines": [], "excluded_lines": []}, "": {"executed_lines": [1, 8, 10, 11, 13, 16, 17, 30], "summary": {"covered_lines": 6, "num_statements": 6, "percent_covered": 100.0, "percent_covered_display": "100", "missing_lines": 0, "excluded_lines": 0}, "missing_lines": [], "excluded_lines": []}}, "classes": {"IntegrationEntity": {"executed_lines": [39, 44, 49], "summary": {"covered_lines": 3, "num_statements": 3, "percent_covered": 100.0, "percent_covered_display": "100", "missing_lines": 0, "excluded_lines": 0}, "missing_lines": [], "excluded_lines": []}, "": {"executed_lines": [1, 8, 10, 11, 13, 16, 17, 30], "summary": {"covered_lines": 6, "num_statements": 6, "percent_covered": 100.0, "percent_covered_display": "100", "missing_lines": 0, "excluded_lines": 0}, "missing_lines": [], "excluded_lines": []}}}, "custom_components/smart_cover_automation/sensor.py": {"executed_lines": [1, 6, 8, 9, 11, 12, 14, 15, 33, 35, 43, 45, 54, 63, 73, 74, 77, 78, 85, 88, 89, 102, 108, 109, 110, 112, 113, 115, 117, 118, 126, 127, 129, 130, 131, 134, 135, 136, 139, 141, 142, 145, 146, 147, 148, 151, 152, 153, 154, 157, 158, 163, 164, 178, 179, 181, 182, 185, 188, 209, 211], "summary": {"covered_lines": 58, "num_statements": 58, "percent_covered": 100.0, "percent_covered_display": "100", "missing_lines": 0, "excluded_lines": 5}, "missing_lines": [], "excluded_lines": [35, 36, 37, 39, 40], "functions": {"_count_moved_covers": {"executed_lines": [45], "summary": {"covered_lines": 1, "num_statements": 1, "percent_covered": 100.0, "percent_covered_display": "100", "missing_lines": 0, "excluded_lines": 0}, "missing_lines": [], "excluded_lines": []}, "async_setup_entry": {"executed_lines": [73, 74, 77, 78, 85], "summary": {"covered_lines": 5, "num_statements": 5, "percent_covered": 100.0, "percent_covered_display": "100", "missing_lines": 0, "excluded_lines": 0}, "missing_lines": [], "excluded_lines": []}, "AutomationStatusSensor.__init__": {"executed_lines": [108, 109, 110], "summary": {"covered_lines": 3, "num_statements": 3, "percent_covered": 100.0, "percent_covered_display": "100", "missing_lines": 0, "excluded_lines": 0}, "missing_lines": [], "excluded_lines": []}, "AutomationStatusSensor.available": {"executed_lines": [115], "summary": {"covered_lines": 1, "num_statements": 1, "percent_covered": 100.0, "percent_covered_display": "100", "missing_lines": 0, "excluded_lines": 0}, "missing_lines": [], "excluded_lines": []}, "AutomationStatusSensor.native_value": {"executed_lines": [126, 127, 129, 130, 131, 134, 135, 136, 139, 141, 142, 145, 146, 147, 148, 151, 152, 153, 154, 157, 158], "summary": {"covered_lines": 21, "num_statements": 21, "percent_covered": 100.0, "percent_covered_display": "100", "missing_lines": 0, "excluded_lines": 0}, "missing_lines": [], "excluded_lines": []}, "AutomationStatusSensor.extra_state_attributes": {"executed_lines": [178, 179, 181, 182, 185, 188, 209, 211], "summary": {"covered_lines": 8, "num_statements": 8, "percent_covered": 100.0, "percent_covered_display": "100", "missing_lines": 0, "excluded_lines": 0}, "missing_lines": [], "excluded_lines": []}, "": {"executed_lines": [1, 6, 8, 9, 11, 12, 14, 15, 33, 35, 43, 54, 63, 88, 89, 102, 112, 113, 117, 118, 163, 164], "summary": {"covered_lines": 19, "num_statements": 19, "percent_covered": 100.0, "percent_covered_display": "100", "missing_lines": 0, "excluded_lines": 5}, "missing_lines": [], "excluded_lines": [35, 36, 37, 39, 40]}}, "classes": {"AutomationStatusSensor": {"executed_lines": [108, 109, 110, 115, 126, 127, 129, 130, 131, 134, 135, 136, 139, 141, 142, 145, 146, 147, 148, 151, 152, 153, 154, 157, 158, 178, 179, 181, 182, 185, 188, 209, 211], "summary": {"covered_lines": 33, "num_statements": 33, "percent_covered": 100.0, "percent_covered_display": "100", "missing_lines": 0, "excluded_lines": 0}, "missing_lines": [], "excluded_lines": []}, "": {"executed_lines": [1, 6, 8, 9, 11, 12, 14, 15, 33, 35, 43, 45, 54, 63, 73, 74, 77, 78, 85, 88, 89, 102, 112, 113, 117, 118, 163, 164], "summary": {"covered_lines": 25, "num_statements": 25, "percent_covered": 100.0, "percent_covered_display": "100", "missing_lines": 0, "excluded_lines": 5}, "missing_lines": [], "excluded_lines": [35, 36, 37, 39, 40]}}}, "custom_components/smart_cover_automation/switch.py": {"executed_lines": [1, 15, 17, 18, 20, 22, 24, 25, 26, 28, 37, 46, 56, 65, 66, 80, 90, 91, 93, 94, 100, 102, 103, 110, 112, 120, 121, 122, 123, 124, 126, 133, 134, 135, 136, 137], "summary": {"covered_lines": 33, "num_statements": 33, "percent_covered": 100.0, "percent_covered_display": "100", "missing_lines": 0, "excluded_lines": 5}, "missing_lines": [], "excluded_lines": [28, 29, 30, 32, 33], "functions": {"async_setup_entry": {"executed_lines": [56], "summary": {"covered_lines": 1, "num_statements": 1, "percent_covered": 100.0, "percent_covered_display": "100", "missing_lines": 0, "excluded_lines": 0}, "missing_lines": [], "excluded_lines": []}, "IntegrationSwitch.__init__": {"executed_lines": [90, 91], "summary": {"covered_lines": 2, "num_statements": 2, "percent_covered": 100.0, "percent_covered_display": "100", "missing_lines": 0, "excluded_lines": 0}, "missing_lines": [], "excluded_lines": []}, "IntegrationSwitch.available": {"executed_lines": [100], "summary": {"covered_lines": 1, "num_statements": 1, "percent_covered": 100.0, "percent_covered_display": "100", "missing_lines": 0, "excluded_lines": 0}, "missing_lines": [], "excluded_lines": []}, "IntegrationSwitch.is_on": {"executed_lines": [110], "summary": {"covered_lines": 1, "num_statements": 1, "percent_covered": 100.0, "percent_covered_display": "100", "missing_lines": 0, "excluded_lines": 0}, "missing_lines": [], "excluded_lines": []}, "IntegrationSwitch.async_turn_on": {"executed_lines": [120, 121, 122, 123, 124], "summary": {"covered_lines": 5, "num_statements": 5, "percent_covered": 100.0, "percent_covered_display": "100", "missing_lines": 0, "excluded_lines": 0}, "missing_lines": [], "excluded_lines": []}, "IntegrationSwitch.async_turn_off": {"executed_lines": [133, 134, 135, 136, 137], "summary": {"covered_lines": 5, "num_statements": 5, "percent_covered": 100.0, "percent_covered_display": "100", "missing_lines": 0, "excluded_lines": 0}, "missing_lines": [], "excluded_lines": []}, "": {"executed_lines": [1, 15, 17, 18, 20, 22, 24, 25, 26, 28, 37, 46, 65, 66, 80, 93, 94, 102, 103, 112, 126], "summary": {"covered_lines": 18, "num_statements": 18, "percent_covered": 100.0, "percent_covered_display": "100", "missing_lines": 0, "excluded_lines": 5}, "missing_lines": [], "excluded_lines": [28, 29, 30, 32, 33]}}, "classes": {"IntegrationSwitch": {"executed_lines": [90, 91, 100, 110, 120, 121, 122, 123, 124, 133, 134, 135, 136, 137], "summary": {"covered_lines": 14, "num_statements": 14, "percent_covered": 100.0, "percent_covered_display": "100", "missing_lines": 0, "excluded_lines": 0}, "missing_lines": [], "excluded_lines": []}, "": {"executed_lines": [1, 15, 17, 18, 20, 22, 24, 25, 26, 28, 37, 46, 56, 65, 66, 80, 93, 94, 102, 103, 112, 126], "summary": {"covered_lines": 19, "num_statements": 19, "percent_covered": 100.0, "percent_covered_display": "100", "missing_lines": 0, "excluded_lines": 5}, "missing_lines": [], "excluded_lines": [28, 29, 30, 32, 33]}}}, "custom_components/smart_cover_automation/util.py": {"executed_lines": [1, 3, 5, 7, 10, 16, 17, 18, 19, 20, 21], "summary": {"covered_lines": 10, "num_statements": 10, "percent_covered": 100.0, "percent_covered_display": "100", "missing_lines": 0, "excluded_lines": 0}, "missing_lines": [], "excluded_lines": [], "functions": {"to_float_or_none": {"executed_lines": [16, 17, 18, 19, 20, 21], "summary": {"covered_lines": 6, "num_statements": 6, "percent_covered": 100.0, "percent_covered_display": "100", "missing_lines": 0, "excluded_lines": 0}, "missing_lines": [], "excluded_lines": []}, "": {"executed_lines": [1, 3, 5, 7, 10], "summary": {"covered_lines": 4, "num_statements": 4, "percent_covered": 100.0, "percent_covered_display": "100", "missing_lines": 0, "excluded_lines": 0}, "missing_lines": [], "excluded_lines": []}}, "classes": {"": {"executed_lines": [1, 3, 5, 7, 10, 16, 17, 18, 19, 20, 21], "summary": {"covered_lines": 10, "num_statements": 10, "percent_covered": 100.0, "percent_covered_display": "100", "missing_lines": 0, "excluded_lines": 0}, "missing_lines": [], "excluded_lines": []}}}}, "totals": {"covered_lines": 706, "num_statements": 712, "percent_covered": 99.15730337078652, "percent_covered_display": "99", "missing_lines": 6, "excluded_lines": 30}}